TN:verilator_coverage
SF:../vc/muxes.v
DA:16,4
DA:17,1
DA:18,4
DA:21,1845
DA:22,1845
DA:23,1845
DA:24,772
DA:25,39
DA:26,0
end_of_record
SF:../vc/regs.v
DA:95,2458
DA:96,2
DA:97,10
DA:98,10
DA:99,28
DA:102,1228
DA:103,94
DA:104,94
end_of_record
SF:CacheAltDpath.v
DA:15,1229
DA:16,1
DA:19,8
DA:20,2
DA:21,10
DA:24,10
DA:25,18
DA:26,1
DA:29,14
DA:30,6
DA:31,5
DA:32,2
DA:33,4
DA:34,1
DA:35,1
DA:36,4
DA:37,6
DA:38,4
DA:39,130
DA:40,32
DA:41,32
DA:42,2
DA:46,8
DA:47,6
DA:48,9
DA:49,2
DA:50,2
DA:51,8
DA:52,8
DA:56,1
DA:57,1
DA:68,8
DA:69,2
DA:92,0
DA:93,0
DA:94,0
DA:95,0
DA:96,0
DA:99,8
DA:100,10
DA:101,10
DA:107,4
DA:108,6
DA:112,1845
DA:113,40
DA:114,1805
DA:116,44
DA:117,1801
DA:120,40
DA:121,40
DA:122,40
DA:124,44
DA:125,44
DA:126,44
DA:128,779
DA:129,779
DA:130,779
DA:132,982
DA:133,982
DA:134,982
DA:138,772
DA:139,1073
DA:142,614
DA:143,9
DA:144,9
DA:145,288
DA:146,288
DA:147,288
DA:148,288
DA:151,605
DA:152,1
DA:153,1
DA:154,1
DA:156,2
DA:157,2
DA:158,2
DA:160,602
DA:161,602
DA:162,602
DA:176,10
DA:179,8
DA:190,18
DA:191,8
DA:192,8
DA:193,1
DA:194,14
DA:206,12
DA:219,614
DA:220,9
DA:221,9
DA:222,9
DA:224,605
DA:225,605
DA:226,605
DA:228,65
DA:229,168
DA:230,64
DA:231,259
DA:240,18
DA:242,1845
DA:243,772
DA:244,659
DA:245,659
DA:247,27
DA:248,27
DA:250,27
DA:251,27
DA:253,27
DA:254,27
DA:256,27
DA:257,27
DA:259,27
DA:260,27
DA:262,27
DA:263,27
DA:265,27
DA:266,27
DA:268,27
DA:269,27
DA:271,27
DA:272,27
DA:274,27
DA:275,27
DA:277,27
DA:278,27
DA:280,27
DA:281,27
DA:283,27
DA:284,27
DA:286,27
DA:287,27
DA:289,9
DA:290,27
DA:292,9
DA:293,9
DA:296,772
DA:297,634
DA:298,634
DA:300,9
DA:301,9
DA:303,9
DA:304,9
DA:306,9
DA:307,9
DA:309,9
DA:310,9
DA:312,9
DA:313,9
DA:315,9
DA:316,9
DA:318,9
DA:319,9
DA:321,9
DA:322,9
DA:324,9
DA:325,9
DA:327,9
DA:328,9
DA:330,9
DA:331,9
DA:333,9
DA:334,9
DA:336,9
DA:337,9
DA:339,9
DA:340,9
DA:342,3
DA:343,9
DA:345,3
DA:346,3
DA:364,1845
DA:365,12
DA:366,494
DA:367,1339
DA:371,614
DA:372,103
DA:373,511
DA:379,8
DA:380,2
DA:382,614
DA:383,9
DA:384,9
DA:386,605
DA:387,605
DA:388,16
DA:389,1
DA:397,614
DA:398,113
DA:399,501
DA:404,2
DA:407,614
DA:408,9
DA:409,9
DA:411,605
DA:412,605
DA:413,16
DA:414,1
DA:419,614
DA:420,9
DA:421,9
DA:423,605
DA:424,605
DA:426,1
DA:427,1
DA:429,1
DA:430,1
DA:432,1
DA:433,1
DA:435,1
DA:436,1
DA:438,1
DA:439,1
DA:441,1
DA:442,1
DA:444,1
DA:445,1
DA:447,1
DA:448,1
DA:450,1
DA:451,1
DA:453,1
DA:454,1
DA:456,1
DA:457,1
DA:459,1
DA:460,1
DA:462,1
DA:463,1
DA:465,1
DA:466,1
DA:468,1
DA:469,1
DA:471,1
DA:472,1
DA:478,614
DA:479,1
DA:480,613
DA:512,4
DA:513,0
DA:532,614
DA:533,9
DA:534,9
DA:535,288
DA:538,605
DA:539,605
DA:544,614
DA:545,9
DA:546,9
DA:547,288
DA:548,288
DA:549,288
DA:550,288
DA:553,605
DA:554,605
DA:555,605
DA:556,605
DA:557,605
DA:559,12
DA:560,1
DA:562,32
DA:563,134
DA:567,1
DA:568,1
DA:570,2
DA:571,2
DA:575,1
DA:576,1
DA:578,2
DA:579,2
DA:582,1
DA:583,1
DA:585,2
DA:586,2
DA:589,1
DA:590,1
DA:592,2
DA:593,2
DA:596,1
DA:597,1
DA:599,2
DA:600,2
DA:603,1
DA:604,1
DA:606,2
DA:607,2
DA:610,1
DA:611,1
DA:613,2
DA:614,2
DA:617,1
DA:618,1
DA:620,2
DA:621,2
DA:624,1
DA:625,1
DA:627,2
DA:628,2
DA:631,1
DA:632,1
DA:634,2
DA:635,2
DA:638,1
DA:639,1
DA:641,2
DA:642,2
DA:645,1
DA:646,1
DA:648,2
DA:649,2
DA:652,1
DA:653,1
DA:655,2
DA:656,2
DA:659,1
DA:660,1
DA:662,2
DA:663,2
DA:666,1
DA:667,1
DA:669,2
DA:670,2
DA:673,13
DA:674,13
DA:676,3
DA:677,3
end_of_record
SF:Mux16.v
DA:10,10
DA:11,10
DA:12,10
DA:15,1845
DA:16,1845
DA:17,1845
DA:18,939
DA:19,0
DA:20,0
DA:21,0
DA:22,0
DA:23,0
DA:24,0
DA:25,0
DA:26,0
DA:27,0
DA:28,0
DA:29,0
DA:30,0
DA:31,0
DA:32,0
DA:33,906
DA:34,0
end_of_record
SF:utb_CacheAltDpath.v
DA:8,0
DA:10,1
DA:13,8
DA:14,2
DA:15,10
DA:18,10
DA:19,18
DA:20,1
DA:24,14
DA:25,6
DA:26,5
DA:27,2
DA:28,4
DA:29,1
DA:30,1
DA:31,4
DA:32,6
DA:33,4
DA:34,130
DA:35,32
DA:36,32
DA:37,2
DA:40,8
DA:41,6
DA:42,9
DA:43,2
DA:44,2
DA:45,8
DA:46,8
DA:50,1
DA:51,1
DA:61,1
DA:63,1
DA:65,1
DA:67,1
DA:68,1
DA:70,1
DA:72,1
DA:73,1
DA:74,1
DA:75,1
DA:76,1
DA:77,1
DA:78,1
DA:79,1
DA:80,1
DA:81,1
DA:82,1
DA:83,1
DA:84,1
DA:85,1
DA:88,1
DA:90,1
DA:91,1
DA:92,1
DA:93,1
DA:95,1
DA:97,1
DA:98,1
DA:99,1
DA:100,1
DA:101,1
DA:102,1
DA:103,1
DA:104,1
DA:105,1
DA:106,1
DA:107,1
DA:108,1
DA:109,1
DA:110,1
DA:113,1
DA:114,1
DA:115,1
DA:116,1
DA:119,1
DA:120,1
DA:121,1
DA:124,1
DA:125,1
DA:126,1
DA:128,1
DA:130,1
DA:131,1
DA:132,1
DA:133,1
DA:139,1
DA:140,1
DA:141,1
DA:144,1
DA:145,1
DA:146,1
DA:148,1
DA:150,1
DA:151,1
DA:152,1
DA:153,1
DA:159,1
DA:162,1
DA:163,1
DA:172,1
DA:173,1
DA:174,1
DA:176,1
DA:178,1
DA:179,1
DA:180,1
DA:181,1
DA:182,1
DA:183,1
DA:184,1
DA:185,1
DA:186,1
DA:187,1
DA:188,1
DA:189,1
DA:190,1
DA:191,1
DA:193,1
DA:195,1
DA:199,1
DA:200,1
DA:203,1
DA:204,1
DA:205,1
DA:206,1
DA:212,1
DA:213,1
DA:214,1
DA:216,1
DA:218,1
DA:219,1
DA:220,1
DA:221,1
DA:222,1
DA:223,1
DA:224,1
DA:225,1
DA:226,1
DA:227,1
DA:228,1
DA:229,1
DA:230,1
DA:231,1
DA:233,1
DA:235,1
DA:239,1
DA:240,1
DA:243,1
DA:244,1
DA:245,1
DA:246,1
DA:249,1
DA:250,1
DA:251,1
DA:252,1
DA:257,1
DA:258,1
DA:259,1
DA:261,1
DA:263,1
DA:264,1
DA:265,1
DA:266,1
DA:267,1
DA:268,1
DA:269,1
DA:270,1
DA:271,1
DA:272,1
DA:273,1
DA:274,1
DA:275,1
DA:276,1
DA:280,1
DA:281,1
DA:282,1
DA:285,1
DA:286,1
DA:287,1
DA:288,1
DA:293,1
DA:295,1
DA:296,1
DA:297,1
DA:298,1
DA:303,1
DA:306,1
DA:307,1
DA:308,1
DA:310,1
DA:312,1
DA:313,1
DA:314,1
DA:315,1
DA:316,1
DA:317,1
DA:318,1
DA:319,1
DA:320,1
DA:321,1
DA:322,1
DA:323,1
DA:324,1
DA:325,1
DA:329,1
DA:330,1
DA:331,1
DA:334,1
DA:335,1
DA:336,1
DA:337,1
DA:342,1
DA:344,1
DA:345,1
DA:346,1
DA:347,1
DA:352,1
DA:353,1
DA:354,1
DA:355,1
DA:356,1
DA:358,1
DA:359,1
DA:360,1
DA:361,1
DA:364,1
DA:365,1
DA:366,1
DA:367,1
DA:368,1
DA:369,1
DA:370,1
DA:371,1
DA:372,1
DA:373,1
DA:374,1
DA:375,1
DA:376,1
DA:377,1
DA:379,1
DA:380,1
DA:381,1
DA:382,1
DA:384,1
DA:385,1
DA:386,1
DA:387,1
DA:389,1
DA:390,1
DA:391,1
DA:392,1
DA:394,1
DA:395,1
DA:396,1
DA:397,1
DA:399,1
DA:400,1
DA:401,1
DA:402,1
DA:404,1
DA:405,1
DA:406,1
DA:407,1
DA:409,1
DA:410,1
DA:411,1
DA:412,1
DA:414,1
DA:415,1
DA:416,1
DA:417,1
DA:419,1
DA:420,1
DA:421,1
DA:422,1
DA:424,1
DA:425,1
DA:426,1
DA:427,1
DA:429,1
DA:430,1
DA:431,1
DA:432,1
DA:434,1
DA:435,1
DA:436,1
DA:437,1
DA:439,1
DA:440,1
DA:441,1
DA:442,1
DA:444,1
DA:445,1
DA:446,1
DA:447,1
DA:449,1
DA:450,1
DA:451,1
DA:452,1
DA:455,1
DA:456,1
DA:457,1
DA:458,1
DA:464,1
DA:465,1
DA:466,1
DA:467,1
DA:468,1
DA:469,1
DA:470,1
DA:471,1
DA:472,1
DA:473,1
DA:474,1
DA:475,1
DA:476,1
DA:477,1
DA:479,1
DA:480,1
DA:481,1
DA:482,1
DA:484,1
DA:485,1
DA:486,1
DA:487,1
DA:489,1
DA:490,1
DA:491,1
DA:492,1
DA:494,1
DA:495,1
DA:496,1
DA:497,1
DA:499,1
DA:500,1
DA:501,1
DA:502,1
DA:504,1
DA:505,1
DA:506,1
DA:507,1
DA:509,1
DA:510,1
DA:511,1
DA:512,1
DA:514,1
DA:515,1
DA:516,1
DA:517,1
DA:519,1
DA:520,1
DA:521,1
DA:522,1
DA:524,1
DA:525,1
DA:526,1
DA:527,1
DA:529,1
DA:530,1
DA:531,1
DA:532,1
DA:534,1
DA:535,1
DA:536,1
DA:537,1
DA:539,1
DA:540,1
DA:541,1
DA:542,1
DA:544,1
DA:545,1
DA:546,1
DA:547,1
DA:549,1
DA:550,1
DA:551,1
DA:552,1
DA:555,1
DA:556,1
DA:557,1
DA:558,1
DA:569,1
DA:570,1
DA:571,1
DA:572,1
DA:573,1
DA:574,1
DA:575,1
DA:577,1
DA:578,1
DA:579,1
DA:580,1
DA:582,1
DA:583,1
DA:584,1
DA:585,1
DA:587,1
DA:588,1
DA:589,1
DA:590,1
DA:592,1
DA:593,1
DA:594,1
DA:595,1
DA:597,1
DA:598,1
DA:599,1
DA:600,1
DA:602,1
DA:603,1
DA:604,1
DA:605,1
DA:607,1
DA:608,1
DA:609,1
DA:610,1
DA:612,1
DA:613,1
DA:614,1
DA:615,1
DA:617,1
DA:618,1
DA:619,1
DA:620,1
DA:622,1
DA:623,1
DA:624,1
DA:625,1
DA:627,1
DA:628,1
DA:629,1
DA:630,1
DA:632,1
DA:633,1
DA:634,1
DA:635,1
DA:637,1
DA:638,1
DA:639,1
DA:640,1
DA:642,1
DA:643,1
DA:644,1
DA:645,1
DA:647,1
DA:648,1
DA:649,1
DA:650,1
DA:653,1
DA:654,1
DA:655,1
DA:656,1
DA:659,1
DA:660,1
DA:661,1
DA:662,1
DA:663,1
DA:665,1
DA:666,1
DA:667,1
DA:668,1
DA:669,1
DA:671,1
DA:672,1
DA:673,1
DA:674,1
DA:675,1
DA:677,1
DA:678,1
DA:679,1
DA:680,1
DA:681,1
DA:683,1
DA:684,1
DA:685,1
DA:686,1
DA:687,1
DA:689,1
DA:690,1
DA:691,1
DA:692,1
DA:693,1
DA:695,1
DA:696,1
DA:697,1
DA:698,1
DA:699,1
DA:701,1
DA:702,1
DA:703,1
DA:704,1
DA:705,1
DA:707,1
DA:708,1
DA:709,1
DA:710,1
DA:711,1
DA:713,1
DA:714,1
DA:715,1
DA:716,1
DA:717,1
DA:719,1
DA:720,1
DA:721,1
DA:722,1
DA:723,1
DA:725,1
DA:726,1
DA:727,1
DA:728,1
DA:729,1
DA:731,1
DA:732,1
DA:733,1
DA:734,1
DA:735,1
DA:737,1
DA:738,1
DA:739,1
DA:740,1
DA:741,1
DA:743,1
DA:744,1
DA:745,1
DA:746,1
DA:747,1
DA:749,1
DA:750,1
DA:751,1
DA:756,1
DA:758,1
DA:759,1
DA:760,1
DA:761,1
DA:764,1
DA:765,1
DA:766,1
DA:767,1
DA:768,1
DA:770,1
DA:773,1
DA:774,1
DA:775,1
DA:776,1
DA:778,1
DA:779,1
DA:780,1
DA:781,1
DA:786,1
DA:787,1
DA:788,1
DA:789,1
DA:791,1
DA:792,1
DA:796,1
DA:797,1
DA:799,1
DA:800,1
DA:801,1
DA:802,1
DA:804,1
DA:805,1
DA:806,1
DA:807,1
DA:809,1
DA:810,1
DA:811,1
DA:812,1
DA:814,1
DA:815,1
DA:816,1
DA:817,1
DA:819,1
DA:820,1
DA:821,1
DA:822,1
DA:824,1
DA:825,1
DA:826,1
DA:827,1
DA:829,1
DA:830,1
DA:831,1
DA:832,1
DA:834,1
DA:835,1
DA:836,1
DA:837,1
DA:839,1
DA:840,1
DA:841,1
DA:842,1
DA:844,1
DA:845,1
DA:846,1
DA:847,1
DA:849,1
DA:850,1
DA:851,1
DA:852,1
DA:854,1
DA:855,1
DA:856,1
DA:857,1
DA:859,1
DA:860,1
DA:861,1
DA:862,1
DA:864,1
DA:865,1
DA:866,1
DA:867,1
DA:869,1
DA:870,1
DA:871,1
DA:872,1
DA:874,1
DA:875,1
DA:876,1
DA:877,1
DA:879,1
DA:880,1
DA:881,1
DA:882,1
DA:884,1
DA:885,1
DA:886,1
DA:887,1
DA:889,1
DA:890,1
DA:891,1
DA:892,1
DA:894,1
DA:895,1
DA:896,1
DA:897,1
DA:899,1
DA:900,1
DA:901,1
DA:902,1
DA:904,1
DA:905,1
DA:906,1
DA:907,1
DA:909,1
DA:910,1
DA:911,1
DA:912,1
DA:914,1
DA:915,1
DA:916,1
DA:917,1
DA:919,1
DA:920,1
DA:921,1
DA:922,1
DA:924,1
DA:925,1
DA:926,1
DA:927,1
DA:929,1
DA:930,1
DA:931,1
DA:932,1
DA:934,1
DA:935,1
DA:936,1
DA:937,1
DA:939,1
DA:940,1
DA:941,1
DA:942,1
DA:944,1
DA:945,1
DA:946,1
DA:947,1
DA:949,1
DA:950,1
DA:951,1
DA:952,1
DA:954,1
DA:955,1
DA:956,1
DA:957,1
DA:959,1
DA:960,1
DA:961,1
DA:962,1
DA:966,1
DA:967,1
end_of_record
