TN:verilator_coverage
SF:../vc/trace.v
DA:44,0
DA:45,0
DA:62,0
DA:63,0
DA:64,0
DA:65,0
DA:71,1618
DA:72,1618
DA:80,7025
DA:85,7025
DA:86,7025
DA:88,7025
DA:89,6638
DA:90,6638
DA:93,7025
DA:95,7025
DA:96,13663
DA:97,13663
DA:99,13663
DA:100,13663
DA:103,7025
DA:113,0
DA:118,0
DA:120,0
DA:121,0
DA:123,0
DA:124,0
DA:125,0
DA:126,0
DA:129,0
DA:139,3176
DA:145,3176
DA:146,3176
DA:147,3176
DA:149,3176
DA:150,36861
DA:151,36861
DA:152,36861
DA:153,36861
DA:155,36861
DA:156,36861
DA:159,3176
DA:169,0
DA:175,0
DA:177,0
DA:178,0
DA:179,0
DA:182,0
DA:183,0
DA:184,0
DA:185,0
DA:186,0
DA:187,0
DA:188,0
DA:199,3236
DA:206,3236
DA:208,3236
DA:209,38832
DA:210,38832
DA:213,60
DA:214,60
DA:216,1685
DA:217,1685
DA:219,108
DA:220,108
DA:221,108
DA:223,0
DA:224,1383
DA:225,1383
DA:227,0
DA:228,0
DA:229,0
end_of_record
SF:IntMulAlt.v
DA:60,474
DA:61,3
DA:62,3
DA:65,471
DA:66,65
DA:68,65
DA:69,65
DA:70,65
DA:71,65
DA:73,65
DA:75,65
DA:76,28
DA:79,378
DA:81,378
DA:82,378
DA:83,378
DA:84,378
DA:86,378
DA:88,378
DA:90,0
DA:92,28
DA:94,28
DA:96,28
DA:99,471
DA:104,1007
DA:105,1007
DA:106,28
DA:107,139
DA:108,56
DA:109,700
DA:110,0
DA:111,0
DA:112,0
DA:117,1239
DA:119,1239
DA:120,1239
DA:121,1239
DA:123,1239
DA:124,1239
DA:125,1239
DA:127,28
DA:129,28
DA:130,28
DA:131,28
DA:133,140
DA:135,1071
DA:137,8380
DA:138,0
DA:139,0
DA:140,0
DA:143,8157
DA:146,223
DA:148,848
DA:149,848
DA:150,848
DA:153,223
DA:155,223
DA:156,223
DA:161,56
DA:162,56
DA:164,1183
DA:165,1183
end_of_record
SF:IntMulBase.v
DA:54,1020
DA:55,3
DA:56,3
DA:58,1017
DA:59,65
DA:61,65
DA:62,65
DA:63,65
DA:64,65
DA:65,65
DA:67,65
DA:68,28
DA:70,924
DA:71,924
DA:72,924
DA:73,924
DA:74,924
DA:75,924
DA:76,924
DA:78,0
DA:79,28
DA:80,28
DA:81,28
DA:83,1017
DA:88,3176
DA:89,3176
DA:90,56
DA:91,208
DA:92,84
DA:93,2688
DA:94,0
DA:95,0
DA:96,0
DA:101,3176
DA:102,3176
DA:103,3176
DA:104,3176
DA:106,56
DA:107,56
DA:108,56
DA:109,56
DA:111,84
DA:112,3036
DA:113,3036
DA:114,966
DA:115,966
DA:117,2070
DA:118,2070
DA:122,84
DA:123,84
DA:125,3092
DA:126,3092
end_of_record
SF:IntMulSimple.v
DA:31,124
DA:32,124
DA:33,28
DA:34,28
DA:37,124
DA:38,124
DA:42,488
DA:43,488
DA:44,488
DA:45,56
DA:46,56
DA:47,56
DA:49,68
DA:50,68
end_of_record
SF:tb_IntMul.v
DA:45,3057
DA:46,3057
DA:47,3057
DA:70,1621
DA:71,1621
DA:72,3
DA:73,1618
DA:116,0
DA:120,1
DA:150,0
DA:184,0
DA:218,0
DA:259,15
DA:260,15
DA:372,0
DA:378,24
end_of_record
