TN:verilator_coverage
SF:../vc/arithmetic.v
DA:34,26
DA:35,48
DA:36,38
end_of_record
SF:../vc/trace.v
DA:20,3295
DA:21,3
DA:49,0
end_of_record
SF:IntMulAlt.v
DA:22,949
DA:23,1
DA:25,56
DA:26,57
DA:27,4
DA:29,70
DA:30,49
DA:31,13
DA:39,56
DA:41,24
DA:42,18
DA:44,24
DA:45,18
DA:46,23
DA:47,113
DA:48,19
DA:49,57
DA:50,56
DA:51,56
DA:52,52
DA:53,10
end_of_record
SF:IntMulBase.v
DA:23,2097
DA:24,1
DA:26,56
DA:27,1
DA:28,4
DA:30,56
DA:31,49
DA:32,13
DA:39,56
DA:41,24
DA:42,22
DA:43,0
DA:44,24
DA:45,22
DA:46,13
DA:47,56
DA:49,19
end_of_record
SF:IntMulSimple.v
DA:12,249
DA:13,1
DA:14,56
DA:15,56
DA:16,4
DA:18,56
DA:19,49
DA:20,8
DA:23,6
DA:24,4
DA:25,56
DA:26,8
end_of_record
SF:tb_IntMul.v
DA:20,0
DA:23,3
DA:25,168
DA:26,114
DA:27,12
DA:29,147
DA:30,182
DA:31,37
DA:34,0
DA:35,0
DA:37,18
DA:38,12
DA:40,12
DA:41,6
end_of_record
