TN:verilator_coverage
SF:BranchGlobal.v
DA:19,881
DA:20,26
DA:21,5
DA:22,60
DA:23,1
DA:24,22
DA:31,46
DA:32,22
DA:33,60
DA:39,440
DA:40,34
DA:41,406
DA:45,440
DA:46,130
DA:47,130
DA:48,130
DA:50,310
DA:51,310
DA:52,310
DA:54,60
DA:55,250
DA:56,121
DA:57,22
DA:58,22
DA:60,99
DA:61,99
DA:64,129
DA:65,2
DA:66,127
DA:68,2
DA:69,2
end_of_record
SF:utb_BranchGlobal.v
DA:7,0
DA:9,26
DA:10,5
DA:11,60
DA:12,1
DA:13,22
DA:14,0
DA:15,0
DA:16,1
DA:17,3
DA:18,60
DA:19,0
DA:27,1
DA:28,1
DA:30,1
DA:31,1
DA:32,1
DA:33,1
DA:34,1
DA:36,1
DA:37,1
DA:38,1
DA:39,1
DA:40,1
DA:41,1
DA:42,1
DA:43,1
DA:44,1
DA:47,1
DA:48,1
DA:49,1
DA:50,1
DA:51,1
DA:52,1
DA:53,1
DA:54,1
DA:57,1
DA:58,1
DA:59,1
DA:60,1
DA:61,1
DA:62,1
DA:63,1
DA:64,1
DA:71,1
DA:73,1
DA:75,1
DA:77,1
DA:79,1
DA:80,10
DA:81,10
DA:82,10
DA:83,10
DA:88,1
DA:90,1
DA:92,1
DA:94,1
DA:96,1
DA:97,10
DA:98,10
DA:99,10
DA:100,10
DA:105,1
DA:107,1
DA:109,1
DA:111,1
DA:113,1
DA:114,10
DA:115,10
DA:116,10
DA:117,10
DA:122,1
DA:124,1
DA:126,1
DA:128,1
DA:130,1
DA:131,10
DA:132,10
DA:133,5
DA:134,5
DA:135,10
DA:140,1
DA:142,1
DA:144,1
DA:146,1
DA:148,1
DA:149,12
DA:150,12
DA:151,3
DA:152,3
DA:153,3
DA:154,3
DA:155,12
DA:160,1
DA:162,1
DA:164,1
DA:166,1
DA:168,1
DA:169,4
DA:170,16
DA:171,16
DA:172,16
DA:173,16
DA:179,1
DA:181,1
DA:183,1
DA:185,1
DA:187,1
DA:188,4
DA:189,16
DA:190,16
DA:191,8
DA:192,8
DA:193,16
DA:199,1
DA:201,1
DA:203,1
DA:205,1
DA:207,1
DA:208,10
DA:209,10
DA:210,10
DA:211,10
DA:216,1
DA:218,1
DA:220,1
DA:222,1
DA:224,1
DA:225,10
DA:226,10
DA:227,10
DA:228,10
DA:233,1
DA:235,1
DA:237,1
DA:239,1
DA:241,1
DA:242,10
DA:243,10
DA:244,5
DA:245,5
DA:246,10
DA:251,1
DA:253,1
DA:255,1
DA:257,1
DA:259,1
DA:260,12
DA:261,12
DA:262,3
DA:263,3
DA:264,3
DA:265,3
DA:266,12
DA:271,1
DA:273,1
DA:275,1
DA:277,1
DA:279,1
DA:280,1
DA:281,1
DA:282,10
DA:283,10
DA:284,10
DA:285,10
DA:292,1
DA:293,1
DA:300,136
DA:301,136
DA:304,136
DA:307,136
DA:308,136
DA:309,136
DA:315,136
DA:316,136
DA:317,136
DA:318,136
DA:321,136
end_of_record
