TN:verilator_coverage
SF:BranchGShare.v
DA:18,1761
DA:19,34
DA:20,5
DA:21,142
DA:22,2
DA:23,142
DA:30,126
DA:31,2
DA:32,142
DA:33,142
DA:34,128
DA:43,2647
DA:44,533
DA:45,2114
DA:49,880
DA:50,170
DA:51,170
DA:52,170
DA:54,710
DA:55,710
DA:56,710
DA:58,60
DA:59,650
DA:60,289
DA:61,167
DA:62,167
DA:64,194
DA:65,194
DA:68,289
DA:69,4
DA:70,285
DA:72,4
DA:73,4
end_of_record
SF:utb_BranchGShare.v
DA:7,0
DA:9,34
DA:10,5
DA:11,142
DA:12,2
DA:13,142
DA:14,0
DA:15,0
DA:16,2
DA:17,3
DA:18,142
DA:19,0
DA:27,1
DA:28,1
DA:30,1
DA:31,1
DA:32,1
DA:33,1
DA:34,1
DA:36,1
DA:37,1
DA:38,1
DA:39,1
DA:40,1
DA:41,1
DA:42,1
DA:43,1
DA:44,1
DA:47,1
DA:48,1
DA:49,1
DA:50,1
DA:51,1
DA:52,1
DA:53,1
DA:54,1
DA:57,1
DA:58,1
DA:59,1
DA:60,1
DA:61,1
DA:62,1
DA:63,1
DA:64,1
DA:71,1
DA:73,1
DA:75,1
DA:77,1
DA:79,1
DA:80,10
DA:81,10
DA:82,10
DA:83,10
DA:88,1
DA:90,1
DA:92,1
DA:94,1
DA:96,1
DA:97,10
DA:98,10
DA:99,10
DA:100,10
DA:105,1
DA:107,1
DA:109,1
DA:111,1
DA:113,1
DA:114,10
DA:115,10
DA:116,10
DA:117,10
DA:122,1
DA:124,1
DA:126,1
DA:128,1
DA:130,1
DA:131,10
DA:132,10
DA:133,5
DA:134,5
DA:135,10
DA:140,1
DA:142,1
DA:144,1
DA:146,1
DA:148,1
DA:149,12
DA:150,12
DA:151,3
DA:152,3
DA:153,3
DA:154,3
DA:155,12
DA:160,1
DA:162,1
DA:164,1
DA:166,1
DA:168,1
DA:169,4
DA:170,16
DA:171,16
DA:172,16
DA:173,16
DA:179,1
DA:181,1
DA:183,1
DA:185,1
DA:187,1
DA:188,4
DA:189,16
DA:190,16
DA:191,8
DA:192,8
DA:193,16
DA:199,1
DA:201,1
DA:203,1
DA:205,1
DA:207,1
DA:208,10
DA:209,10
DA:210,10
DA:211,10
DA:216,1
DA:218,1
DA:220,1
DA:222,1
DA:224,1
DA:225,10
DA:226,10
DA:227,10
DA:228,10
DA:233,1
DA:235,1
DA:237,1
DA:239,1
DA:241,1
DA:242,10
DA:243,10
DA:244,5
DA:245,5
DA:246,10
DA:251,1
DA:253,1
DA:255,1
DA:257,1
DA:259,1
DA:260,12
DA:261,12
DA:262,6
DA:263,6
DA:264,12
DA:269,1
DA:271,1
DA:273,1
DA:275,1
DA:276,1
DA:277,1
DA:278,1
DA:279,10
DA:280,10
DA:281,10
DA:282,10
DA:287,1
DA:289,1
DA:291,1
DA:293,1
DA:296,1
DA:297,10
DA:298,10
DA:299,40
DA:300,40
DA:301,40
DA:302,40
DA:308,1
DA:310,1
DA:312,1
DA:314,1
DA:317,1
DA:318,10
DA:319,10
DA:320,40
DA:321,40
DA:322,40
DA:323,40
DA:329,1
DA:331,1
DA:333,1
DA:335,1
DA:338,1
DA:339,10
DA:340,10
DA:341,40
DA:342,40
DA:343,20
DA:344,20
DA:345,40
DA:351,1
DA:353,1
DA:355,1
DA:357,1
DA:359,1
DA:360,10
DA:361,10
DA:362,80
DA:363,80
DA:364,20
DA:365,20
DA:366,20
DA:367,20
DA:368,80
DA:376,1
DA:377,1
DA:384,336
DA:385,336
DA:388,336
DA:391,336
DA:392,336
DA:393,336
DA:399,336
DA:400,336
DA:401,336
DA:402,336
DA:405,336
end_of_record
