TN:verilator_coverage
SF:../lab1_imul/CalcShamt.v
DA:12,866
DA:13,276
DA:16,0
DA:17,11574
DA:18,615
DA:19,209
DA:20,1567
DA:21,331
DA:22,184
DA:23,7
DA:24,8
DA:25,0
end_of_record
SF:../lab1_imul/IntMulAlt.v
DA:25,29070
DA:26,80
DA:30,32
DA:31,536
DA:32,4
DA:36,4
DA:37,4
DA:38,4
DA:39,4
DA:40,8
DA:44,868
DA:45,3050
DA:50,836
DA:51,536
DA:63,536
DA:82,276
DA:101,462
DA:102,32
DA:114,32
DA:134,32
DA:135,4
DA:147,4
DA:160,32
DA:195,29070
DA:196,80
DA:200,4
DA:201,4
DA:203,4
DA:204,718
DA:208,4
DA:209,4
DA:210,4
DA:211,4
DA:212,8
DA:216,868
DA:217,3050
DA:239,4
DA:240,4
DA:242,14495
DA:243,1040
DA:244,1040
DA:246,13455
DA:253,4
DA:259,0
DA:261,0
DA:263,0
DA:265,6
DA:266,2
DA:267,0
DA:268,0
DA:294,14495
DA:304,14495
DA:305,14495
DA:306,14495
DA:307,14495
DA:308,14495
DA:309,14495
DA:310,14495
DA:311,14495
DA:317,868
DA:324,0
DA:326,0
DA:330,14485
DA:331,4
DA:332,0
DA:333,2
DA:334,0
DA:350,29070
DA:351,80
DA:353,4
DA:354,4
DA:355,32
DA:357,4
DA:358,718
DA:359,4
DA:369,4
DA:370,4
DA:371,4
DA:372,4
DA:373,8
DA:377,868
DA:378,3050
DA:380,4
end_of_record
SF:../vc/TestMem_2ports4B.v
DA:26,554
DA:27,0
DA:28,0
DA:29,21
DA:30,0
DA:31,299
DA:40,0
DA:63,2397
DA:64,0
DA:65,0
DA:66,0
DA:67,903
DA:68,0
DA:77,0
DA:105,60162
DA:106,120
DA:109,120
DA:113,14478
DA:114,98
DA:115,0
DA:119,3508
DA:120,0
DA:121,664
DA:125,10935
DA:126,15071
DA:127,1542
DA:131,3356
DA:132,3648
DA:133,798
DA:193,14355
DA:194,9288
DA:195,0
DA:216,3508
DA:217,1950
DA:218,554
DA:243,0
DA:244,0
DA:245,15
DA:246,0
DA:247,0
DA:259,0
DA:260,0
DA:261,0
DA:262,0
DA:263,299
DA:278,6
DA:279,0
DA:281,0
DA:282,0
DA:283,0
DA:284,0
DA:287,120
DA:288,120
DA:294,120
DA:295,5439
DA:296,5439
DA:297,5439
DA:298,5439
DA:299,5439
DA:300,5439
DA:304,5439
DA:305,5439
DA:308,5439
DA:309,21756
DA:317,120
DA:318,120
DA:343,120
DA:344,6042
DA:345,6042
DA:346,6042
DA:347,6042
DA:348,6042
DA:349,6042
DA:350,6042
DA:351,6042
DA:352,6042
DA:370,0
DA:375,0
DA:386,15
DA:389,0
DA:394,0
DA:397,0
DA:400,150
DA:403,0
DA:408,6
DA:411,6
DA:414,309
DA:417,309
DA:423,0
DA:427,1178
DA:434,0
DA:439,0
DA:453,120
DA:454,0
DA:455,0
DA:456,480
DA:457,1800
DA:459,0
DA:460,0
DA:464,0
DA:466,0
DA:467,0
DA:469,28581
DA:471,0
DA:472,0
DA:476,609
DA:479,609
DA:480,2436
DA:484,28581
DA:485,0
DA:486,0
DA:487,0
DA:488,0
DA:489,0
DA:493,28581
DA:494,0
DA:495,0
DA:496,0
DA:497,0
DA:498,0
DA:504,30021
DA:513,1560
DA:514,1560
DA:515,0
DA:516,0
DA:518,1560
DA:521,0
DA:522,28461
DA:524,28461
DA:525,0
DA:528,609
DA:529,609
DA:532,28461
DA:533,0
DA:536,28461
DA:537,0
DA:547,1542
DA:559,810
DA:624,30021
DA:625,1560
DA:626,0
DA:627,0
DA:628,0
DA:629,0
end_of_record
SF:../vc/TestRandDelay.v
DA:18,120324
DA:19,240
DA:23,0
DA:27,468
DA:28,3004
DA:29,916
DA:33,804
DA:34,98
DA:35,664
DA:44,0
DA:46,60042
DA:47,60042
DA:48,0
DA:50,60042
DA:55,784
DA:56,784
DA:57,0
DA:77,64
DA:88,784
DA:89,784
DA:91,60042
DA:92,3120
DA:93,3120
DA:95,56922
DA:96,56922
DA:104,0
DA:108,0
DA:110,0
DA:116,32095
DA:117,1024
DA:118,1024
DA:125,5021
DA:126,1024
DA:127,1024
DA:138,0
DA:140,0
DA:142,32095
DA:143,32095
DA:144,32095
DA:145,32095
DA:146,32095
DA:147,32095
DA:150,5021
DA:151,5021
DA:152,5021
DA:153,5021
DA:154,5021
DA:155,5021
DA:158,0
DA:159,0
DA:160,0
DA:161,0
DA:162,0
DA:163,0
DA:183,60042
DA:184,3120
DA:185,0
DA:186,0
DA:187,0
DA:188,0
DA:189,0
end_of_record
SF:../vc/TestRandDelayMem_2ports4B.v
DA:32,60162
DA:33,120
DA:37,120
DA:41,0
DA:45,11795
DA:46,16896
DA:47,0
DA:51,3378
DA:52,14508
DA:53,916
DA:57,14049
DA:58,14449
DA:59,1950
DA:63,3498
DA:64,3498
DA:65,770
DA:72,14478
DA:73,98
DA:74,0
DA:76,3508
DA:77,0
DA:78,664
DA:81,10935
DA:82,15071
DA:83,1542
DA:85,3356
DA:86,3648
DA:87,798
DA:161,120
DA:162,120
DA:163,120
DA:166,120
DA:167,120
DA:168,120
end_of_record
SF:../vc/TestRandDelaySinkFile.v
DA:17,60162
DA:18,120
DA:22,0
DA:26,228
DA:27,2428
DA:28,316
DA:32,120
DA:39,228
DA:40,228
DA:41,12
DA:75,120
DA:76,120
DA:77,120
end_of_record
SF:../vc/TestRandDelaySourceFile.v
DA:16,60162
DA:17,120
DA:21,0
DA:25,576
DA:26,576
DA:27,36
DA:31,120
DA:38,240
DA:39,576
DA:40,36
DA:54,120
DA:55,120
DA:56,120
end_of_record
SF:../vc/TestSinkFile.v
DA:20,60162
DA:21,120
DA:25,228
DA:26,228
DA:27,12
DA:31,120
DA:52,228
DA:53,0
DA:54,0
DA:55,0
DA:68,120
DA:69,30021
DA:70,30021
DA:71,0
DA:72,120
DA:73,120
DA:76,120
DA:77,114
DA:78,114
DA:79,114
DA:82,114
DA:84,114
DA:85,114
DA:95,0
DA:98,30021
DA:114,228
DA:121,0
DA:122,0
DA:124,12
DA:127,30021
DA:128,1560
DA:129,1560
DA:131,114
DA:133,114
DA:134,114
DA:135,114
DA:136,114
DA:137,114
DA:139,0
DA:140,0
DA:141,0
DA:142,0
DA:143,0
DA:145,0
DA:146,0
DA:147,0
DA:148,0
DA:149,0
DA:150,0
DA:151,0
DA:152,0
DA:153,0
DA:154,0
DA:155,0
DA:156,0
DA:165,120
DA:166,0
DA:167,0
DA:168,0
DA:169,0
DA:177,30021
DA:178,1560
DA:179,0
DA:180,0
end_of_record
SF:../vc/TestSourceFile.v
DA:16,60162
DA:17,120
DA:21,240
DA:22,576
DA:23,36
DA:27,120
DA:49,576
DA:50,0
DA:51,0
DA:52,0
DA:65,120
DA:66,30021
DA:67,30021
DA:69,0
DA:71,120
DA:72,120
DA:74,120
DA:75,120
DA:76,168
DA:77,168
DA:80,168
DA:82,168
DA:83,168
DA:115,312
DA:118,30021
DA:119,1680
DA:120,288
DA:133,576
DA:146,30021
DA:147,1560
DA:148,0
DA:149,0
end_of_record
SF:../vc/arithmetic.v
DA:16,80
DA:17,804
DA:18,0
DA:19,714
DA:20,1262
DA:34,32
DA:35,4
DA:36,32
DA:69,160
DA:70,20
DA:120,536
DA:121,3050
DA:136,32
DA:137,536
DA:138,4358
DA:188,32
DA:189,276
DA:190,462
DA:206,536
DA:207,276
DA:208,836
end_of_record
SF:../vc/mem-msgs.v
DA:89,360972
DA:90,720
DA:91,48332
DA:92,62906
DA:93,0
DA:96,0
DA:98,0
DA:100,656
DA:102,0
DA:104,1052
DA:116,0
DA:311,360972
DA:312,720
DA:313,49385
DA:314,54613
DA:315,0
DA:319,0
DA:321,0
DA:323,0
DA:325,0
DA:327,2627
DA:339,0
end_of_record
SF:../vc/muxes.v
DA:16,196
DA:17,56
DA:18,196
DA:21,0
DA:22,0
DA:23,0
DA:24,208
DA:25,15239
DA:26,0
DA:40,24
DA:41,372
DA:42,928
DA:45,0
DA:46,0
DA:47,0
DA:48,39247
DA:49,3458
DA:50,780
DA:51,0
DA:65,170
DA:66,8
DA:67,0
DA:70,0
DA:71,0
DA:72,0
DA:73,7421
DA:74,129
DA:75,2
DA:76,2
DA:77,0
end_of_record
SF:../vc/queues.v
DA:38,120324
DA:39,240
DA:41,17986
DA:42,98
DA:44,17863
DA:45,11238
DA:47,13316
DA:48,13244
DA:49,13244
DA:54,13244
DA:55,13316
DA:57,60042
DA:58,60042
DA:70,17986
DA:73,17961
DA:79,13244
DA:82,2498
DA:85,0
DA:124,60162
DA:125,120
DA:126,208
DA:127,208
DA:128,664
DA:129,554
DA:134,554
DA:185,80
DA:187,9227
DA:188,0
DA:190,6372
DA:191,8509
DA:193,5631
DA:194,2881
DA:195,2874
DA:196,5615
DA:197,5615
DA:202,2881
DA:203,2890
DA:213,2874
DA:214,2881
DA:229,0
DA:230,0
DA:247,9227
DA:250,9059
DA:256,5615
DA:259,0
DA:262,4868
DA:284,2874
DA:289,2874
DA:292,2881
DA:295,2881
DA:337,29070
DA:338,80
DA:339,5631
DA:340,5615
DA:341,2881
DA:342,2874
DA:343,0
DA:344,0
DA:349,0
DA:394,29070
DA:395,80
DA:397,228
DA:398,98
DA:399,664
DA:401,228
DA:402,2428
DA:403,554
DA:405,208
end_of_record
SF:../vc/regfiles.v
DA:20,29070
DA:21,80
DA:25,2874
DA:26,0
DA:30,5631
DA:31,2881
DA:32,0
DA:35,0
DA:43,14495
DA:44,2881
DA:45,2881
DA:150,29070
DA:151,80
DA:155,4
DA:156,30
DA:160,724
DA:161,266
DA:165,4324
DA:166,108
DA:167,308
DA:179,14495
DA:180,2520
DA:181,2520
DA:300,29070
DA:301,80
DA:303,4
DA:304,30
DA:306,724
DA:307,266
DA:309,4324
DA:310,108
DA:311,308
DA:317,30
DA:318,266
end_of_record
SF:../vc/regs.v
DA:23,58140
DA:24,568
DA:25,568
DA:28,28990
DA:29,28990
DA:42,87210
DA:43,240
DA:44,5755
DA:45,5771
DA:48,43485
DA:49,43485
DA:61,31092
DA:62,40
DA:63,805
DA:64,1632
DA:65,56
DA:68,15526
DA:69,28
DA:70,28
DA:95,29070
DA:96,80
DA:97,0
DA:98,0
DA:99,804
DA:102,14495
DA:103,3522
DA:104,3522
end_of_record
SF:../vc/trace.v
DA:20,931500
DA:21,1880
DA:44,0
DA:45,0
DA:49,0
DA:62,0
DA:63,0
DA:64,0
DA:65,0
DA:71,464810
DA:72,464810
DA:80,0
DA:85,0
DA:86,0
DA:88,0
DA:89,0
DA:90,0
DA:93,0
DA:95,0
DA:96,0
DA:97,0
DA:99,0
DA:100,0
DA:103,0
DA:113,0
DA:118,0
DA:120,0
DA:121,0
DA:123,0
DA:124,0
DA:125,0
DA:126,0
DA:129,0
DA:139,0
DA:145,0
DA:146,0
DA:147,0
DA:149,0
DA:150,0
DA:151,0
DA:152,0
DA:153,0
DA:155,0
DA:156,0
DA:159,0
DA:169,0
DA:175,0
DA:177,0
DA:178,0
DA:179,0
DA:182,0
DA:183,0
DA:184,0
DA:185,0
DA:186,0
DA:187,0
DA:188,0
DA:199,0
DA:206,0
DA:208,0
DA:209,0
DA:210,0
DA:213,0
DA:214,0
DA:216,0
DA:217,0
DA:219,0
DA:220,0
DA:221,0
DA:223,0
DA:224,0
DA:225,0
DA:227,0
DA:228,0
DA:229,0
end_of_record
SF:DropUnit.v
DA:16,29070
DA:17,80
DA:21,532
DA:23,1412
DA:24,8661
DA:25,9055
DA:27,1412
DA:28,8405
DA:29,9147
DA:35,248
DA:36,248
DA:37,9159
DA:47,0
DA:48,151
DA:52,372
DA:53,372
DA:55,42820
DA:57,151
DA:61,81
DA:62,372
DA:64,81
DA:71,0
DA:72,151
DA:76,14344
DA:77,14344
DA:79,151
DA:82,151
DA:83,151
DA:90,14495
DA:92,1040
DA:93,1040
DA:95,13455
end_of_record
SF:ProcAlt.v
DA:19,13922
DA:20,40
DA:23,12
DA:24,192
DA:25,192
DA:28,140
DA:29,76
DA:30,586
DA:33,0
DA:34,3035
DA:35,4089
DA:38,0
DA:39,4295
DA:40,4473
DA:43,0
DA:44,1088
DA:45,3347
DA:48,0
DA:49,1146
DA:50,1146
DA:53,0
DA:54,4063
DA:55,0
DA:62,2796
DA:63,0
DA:64,4557
DA:65,0
DA:66,0
DA:91,266
DA:92,0
DA:93,4149
DA:94,4517
DA:115,624
DA:116,0
DA:117,1162
DA:118,624
DA:119,0
DA:120,190
DA:121,108
DA:146,76
DA:147,140
DA:148,76
DA:149,76
DA:169,16
DA:170,2
DA:171,2
DA:174,2
DA:175,2
DA:176,300
DA:195,4517
DA:196,8
DA:197,700
DA:198,278
DA:199,186
DA:200,2
DA:201,178
DA:202,0
DA:203,10
DA:204,300
DA:205,212
DA:206,2
DA:207,934
DA:208,368
DA:209,0
DA:210,54
DA:211,2144
DA:212,0
DA:215,2
DA:216,2254
DA:217,224
DA:218,476
end_of_record
SF:ProcAltCtrl.v
DA:10,13922
DA:11,40
DA:14,4557
DA:15,0
DA:16,4149
DA:17,4517
DA:18,266
DA:21,1162
DA:22,624
DA:23,1146
DA:24,1146
DA:25,0
DA:28,192
DA:29,192
DA:30,76
DA:31,76
DA:34,2
DA:35,2
DA:36,2
DA:37,300
DA:40,4517
DA:41,8
DA:42,700
DA:43,278
DA:44,186
DA:45,2
DA:46,178
DA:47,0
DA:48,10
DA:49,300
DA:50,212
DA:51,2
DA:52,934
DA:53,368
DA:54,0
DA:55,54
DA:56,2144
DA:57,0
DA:60,2
DA:61,2254
DA:62,224
DA:63,476
DA:66,4063
DA:71,40
DA:72,3701
DA:73,3793
DA:74,3759
DA:75,4063
DA:77,4189
DA:78,184
DA:79,152
DA:80,934
DA:81,0
DA:83,4379
DA:84,700
DA:85,300
DA:86,934
DA:87,0
DA:89,4
DA:90,262
DA:92,266
DA:93,78
DA:107,6941
DA:108,520
DA:109,520
DA:110,3031
DA:111,3031
DA:115,4
DA:116,262
DA:117,4
DA:118,4
DA:121,0
DA:122,131
DA:123,131
DA:124,2
DA:125,2
DA:127,6808
DA:153,4339
DA:168,6941
DA:169,520
DA:170,520
DA:171,784
DA:172,5637
DA:176,54
DA:177,2
DA:178,362
DA:179,362
DA:267,3584
DA:268,4
DA:269,2170
DA:270,828
DA:271,212
DA:272,2
DA:273,352
DA:274,598
DA:275,1854
DA:276,178
DA:277,322
DA:278,322
DA:279,178
DA:280,0
DA:284,6941
DA:302,6941
DA:303,6941
DA:304,6941
DA:305,6941
DA:306,6941
DA:307,6941
DA:308,6941
DA:309,6941
DA:310,6941
DA:311,6941
DA:312,6941
DA:313,6941
DA:314,6941
DA:315,6941
DA:316,6941
DA:321,0
DA:322,0
DA:326,1063
DA:327,388
DA:328,161
DA:331,441
DA:332,1
DA:333,1
DA:334,1
DA:335,1
DA:336,5
DA:337,1
DA:338,1
DA:339,1
DA:340,1
DA:341,1
DA:344,645
DA:345,1
DA:346,1
DA:347,3
DA:348,1
DA:349,1
DA:350,1
DA:351,1
DA:352,1
DA:353,5
DA:354,1
DA:357,644
DA:358,263
DA:361,2
DA:362,2
DA:365,126
DA:366,1
DA:367,1
DA:368,1
DA:369,1
DA:370,1
DA:373,3171
DA:379,54
DA:384,0
DA:385,0
DA:386,0
DA:387,0
DA:388,0
DA:389,161
DA:390,161
DA:391,388
DA:392,388
DA:393,6941
DA:394,0
DA:395,6941
DA:396,0
DA:397,6941
DA:398,0
DA:403,0
DA:404,2
DA:405,2
DA:406,2
DA:408,6939
DA:409,6939
DA:410,6939
DA:424,68
DA:428,2
DA:432,0
DA:439,132
DA:446,60
DA:453,152
DA:459,248
DA:465,150
DA:472,240
DA:478,38
DA:484,0
DA:485,30
DA:486,30
DA:488,78
DA:489,78
DA:491,109
DA:492,109
DA:494,6724
DA:495,6724
DA:500,0
DA:501,75
DA:502,75
DA:504,207
DA:505,207
DA:507,18
DA:508,18
DA:510,6641
DA:511,6641
DA:517,132
DA:528,4
DA:539,3917
DA:553,2
DA:554,338
DA:555,546
DA:556,1730
DA:557,54
DA:558,322
DA:559,0
DA:560,4
DA:564,6941
DA:565,520
DA:566,520
DA:568,208
DA:569,6213
DA:570,6213
DA:571,6213
DA:572,6213
DA:573,6213
DA:574,6213
DA:575,6213
DA:576,6213
DA:577,6213
DA:578,6213
DA:579,6213
DA:583,0
DA:584,126
DA:585,126
DA:586,126
DA:588,1
DA:589,1
DA:590,1
DA:592,1
DA:593,1
DA:594,1
DA:596,1
DA:597,1
DA:598,1
DA:600,1
DA:601,1
DA:602,1
DA:604,1
DA:605,1
DA:606,1
DA:608,2
DA:609,2
DA:610,2
DA:612,6808
DA:613,6808
DA:614,6808
DA:625,150
DA:629,2
DA:645,0
DA:646,284
DA:647,6657
DA:652,4091
DA:666,2
DA:667,284
DA:668,1500
DA:669,54
DA:670,322
DA:671,0
DA:674,6941
DA:675,520
DA:676,520
DA:678,636
DA:679,5785
DA:680,5785
DA:681,5785
DA:682,5785
DA:683,5785
DA:684,5785
DA:685,5785
DA:686,5785
DA:703,4083
DA:717,2
DA:718,322
DA:719,1500
DA:720,0
DA:723,6941
DA:724,520
DA:725,520
DA:727,0
DA:728,6421
DA:729,6421
DA:730,6421
DA:731,6421
DA:732,6421
DA:733,6421
end_of_record
SF:ProcAltDpath.v
DA:19,13922
DA:20,40
DA:23,0
DA:24,0
DA:27,190
DA:28,108
DA:29,2
DA:32,12
DA:33,140
DA:36,16
DA:37,2
DA:41,266
DA:42,4517
DA:43,8
DA:44,700
DA:45,278
DA:46,186
DA:47,2
DA:48,178
DA:49,0
DA:50,10
DA:51,300
DA:52,212
DA:53,2
DA:54,934
DA:55,368
DA:56,0
DA:57,54
DA:58,2144
DA:59,0
DA:63,2
DA:64,2254
DA:65,224
DA:66,476
DA:69,0
DA:70,0
DA:83,40
DA:84,0
DA:85,0
DA:86,358
DA:87,358
DA:88,190
DA:122,40
DA:123,54
DA:124,2
DA:125,362
DA:126,402
DA:170,14
DA:171,108
DA:172,140
DA:188,16
DA:189,108
DA:191,16
DA:192,268
DA:193,12
DA:194,0
DA:267,16
DA:268,268
DA:269,40
DA:270,5
DA:271,108
DA:272,190
DA:273,192
DA:373,138
DA:385,2
DA:386,140
DA:404,140
DA:424,0
end_of_record
SF:ProcBase.v
DA:19,15148
DA:20,40
DA:23,12
DA:24,192
DA:25,192
DA:28,168
DA:29,76
DA:30,656
DA:33,0
DA:34,3337
DA:35,4420
DA:38,0
DA:39,4366
DA:40,4582
DA:43,0
DA:44,1080
DA:45,3663
DA:48,0
DA:49,1142
DA:50,1142
DA:53,0
DA:54,4039
DA:55,0
DA:62,2819
DA:63,0
DA:64,4670
DA:65,0
DA:66,0
DA:91,266
DA:92,0
DA:93,4256
DA:94,4630
DA:115,600
DA:116,0
DA:117,1154
DA:118,600
DA:119,0
DA:120,170
DA:121,158
DA:146,76
DA:147,168
DA:148,76
DA:149,76
DA:169,16
DA:170,2
DA:171,2
DA:174,2
DA:175,2
DA:176,418
DA:195,4630
DA:196,8
DA:197,1092
DA:198,2
DA:199,178
DA:200,0
DA:201,10
DA:202,418
DA:203,212
DA:204,2
DA:205,940
DA:206,362
DA:207,0
DA:208,54
DA:209,2180
DA:210,0
DA:213,2
DA:214,2104
DA:215,254
DA:216,506
end_of_record
SF:ProcBaseCtrl.v
DA:10,15148
DA:11,40
DA:14,4670
DA:15,0
DA:16,4256
DA:17,4630
DA:18,266
DA:21,1154
DA:22,600
DA:23,1142
DA:24,1142
DA:25,0
DA:28,192
DA:29,192
DA:30,76
DA:31,76
DA:34,2
DA:35,2
DA:36,2
DA:37,418
DA:40,4630
DA:41,8
DA:42,1092
DA:43,2
DA:44,178
DA:45,0
DA:46,10
DA:47,418
DA:48,212
DA:49,2
DA:50,940
DA:51,362
DA:52,0
DA:53,54
DA:54,2180
DA:55,0
DA:58,2
DA:59,2104
DA:60,254
DA:61,506
DA:64,4039
DA:69,40
DA:70,3536
DA:71,3878
DA:72,3844
DA:73,4039
DA:75,4296
DA:76,688
DA:77,148
DA:78,940
DA:79,0
DA:81,4604
DA:82,1092
DA:83,418
DA:84,940
DA:85,0
DA:87,4
DA:88,262
DA:90,266
DA:91,206
DA:105,7554
DA:106,520
DA:107,520
DA:108,3086
DA:109,3086
DA:113,4
DA:114,262
DA:115,4
DA:116,4
DA:119,0
DA:120,131
DA:121,131
DA:122,2
DA:123,2
DA:125,7421
DA:151,4564
DA:166,7554
DA:167,520
DA:168,520
DA:169,1431
DA:170,5603
DA:174,54
DA:175,2
DA:176,362
DA:177,362
DA:265,3394
DA:266,4
DA:267,1932
DA:268,780
DA:269,212
DA:270,2
DA:271,352
DA:272,592
DA:273,1886
DA:274,178
DA:275,322
DA:276,322
DA:277,178
DA:278,0
DA:282,7554
DA:300,7554
DA:301,7554
DA:302,7554
DA:303,7554
DA:304,7554
DA:305,7554
DA:306,7554
DA:307,7554
DA:308,7554
DA:309,7554
DA:310,7554
DA:311,7554
DA:312,7554
DA:313,7554
DA:314,7554
DA:319,0
DA:320,0
DA:324,1127
DA:325,384
DA:326,164
DA:329,614
DA:330,1
DA:331,1
DA:332,1
DA:333,1
DA:334,5
DA:335,1
DA:336,1
DA:337,1
DA:338,1
DA:339,1
DA:342,654
DA:343,1
DA:344,1
DA:345,9
DA:346,1
DA:347,1
DA:348,1
DA:349,1
DA:350,1
DA:351,5
DA:352,1
DA:355,635
DA:356,565
DA:359,2
DA:360,2
DA:363,323
DA:364,1
DA:365,1
DA:366,1
DA:367,1
DA:368,1
DA:371,3043
DA:377,54
DA:382,0
DA:383,0
DA:384,0
DA:385,0
DA:386,0
DA:387,164
DA:388,164
DA:389,384
DA:390,384
DA:391,7554
DA:392,0
DA:393,7554
DA:394,0
DA:395,7554
DA:396,0
DA:401,0
DA:402,2
DA:403,2
DA:404,2
DA:406,7552
DA:407,7552
DA:408,7552
DA:422,68
DA:426,2
DA:430,58
DA:436,192
DA:442,354
DA:448,322
DA:454,396
DA:460,402
DA:466,618
DA:478,4
DA:489,4018
DA:503,2
DA:504,338
DA:505,540
DA:506,1686
DA:507,54
DA:508,322
DA:509,0
DA:510,4
DA:514,7554
DA:515,520
DA:516,520
DA:518,290
DA:519,6744
DA:520,6744
DA:521,6744
DA:522,6744
DA:523,6744
DA:524,6744
DA:525,6744
DA:526,6744
DA:527,6744
DA:528,6744
DA:529,6744
DA:533,0
DA:534,126
DA:535,126
DA:536,126
DA:538,1
DA:539,1
DA:540,1
DA:542,1
DA:543,1
DA:544,1
DA:546,1
DA:547,1
DA:548,1
DA:550,1
DA:551,1
DA:552,1
DA:554,1
DA:555,1
DA:556,1
DA:558,2
DA:559,2
DA:560,2
DA:562,7421
DA:563,7421
DA:564,7421
DA:575,146
DA:579,2
DA:595,0
DA:596,586
DA:597,6968
DA:602,4294
DA:616,2
DA:617,284
DA:618,1450
DA:619,54
DA:620,322
DA:621,0
DA:624,7554
DA:625,520
DA:626,520
DA:628,632
DA:629,6402
DA:630,6402
DA:631,6402
DA:632,6402
DA:633,6402
DA:634,6402
DA:635,6402
DA:636,6402
DA:653,4062
DA:667,2
DA:668,322
DA:669,1450
DA:670,0
DA:673,7554
DA:674,520
DA:675,520
DA:677,0
DA:678,7034
DA:679,7034
DA:680,7034
DA:681,7034
DA:682,7034
DA:683,7034
end_of_record
SF:ProcBaseDpath.v
DA:19,15148
DA:20,40
DA:23,0
DA:24,0
DA:27,170
DA:28,158
DA:29,2
DA:32,12
DA:33,168
DA:36,16
DA:37,2
DA:41,266
DA:42,4630
DA:43,8
DA:44,1092
DA:45,2
DA:46,178
DA:47,0
DA:48,10
DA:49,418
DA:50,212
DA:51,2
DA:52,940
DA:53,362
DA:54,0
DA:55,54
DA:56,2180
DA:57,0
DA:60,2
DA:61,2104
DA:62,254
DA:63,506
DA:66,0
DA:67,0
DA:80,40
DA:81,0
DA:82,0
DA:83,356
DA:84,356
DA:85,170
DA:119,40
DA:120,54
DA:121,2
DA:122,362
DA:123,402
DA:167,16
DA:168,158
DA:169,168
DA:186,16
DA:187,268
DA:188,12
DA:189,0
DA:239,16
DA:240,268
DA:241,40
DA:242,5
DA:293,158
DA:309,170
DA:310,172
DA:346,166
DA:358,2
DA:359,168
DA:377,168
DA:397,0
end_of_record
SF:ProcDpathAlu.v
DA:8,32
DA:9,536
DA:10,424
DA:11,360
DA:12,4358
DA:13,478
DA:14,982
DA:17,0
DA:19,0
DA:20,13332
DA:21,325
DA:22,782
DA:25,2
DA:26,4
DA:27,4
DA:28,22
DA:29,4
DA:30,4
DA:31,4
DA:32,4
DA:33,4
DA:34,4
DA:35,0
end_of_record
SF:ProcDpathImmGen.v
DA:6,20
DA:7,4
DA:8,804
DA:11,0
DA:12,0
DA:13,13186
DA:14,13186
DA:16,828
DA:17,828
DA:19,459
DA:20,459
DA:22,12
DA:23,12
DA:25,4
DA:26,4
DA:28,6
DA:29,6
DA:32,0
DA:33,0
end_of_record
SF:ProcFLMultiCycle.v
DA:16,31092
DA:17,40
DA:21,12
DA:22,192
DA:23,192
DA:27,4
DA:28,76
DA:29,1186
DA:33,0
DA:34,5423
DA:35,8387
DA:39,0
DA:40,5388
DA:41,5394
DA:45,0
DA:46,1210
DA:47,7498
DA:51,0
DA:52,1210
DA:53,1210
DA:59,0
DA:60,0
DA:61,0
DA:69,0
DA:70,0
DA:71,0
DA:72,0
DA:74,5
DA:87,574
DA:88,0
DA:89,1210
DA:90,574
DA:92,0
DA:93,0
DA:94,104
DA:121,56
DA:122,4
DA:123,76
DA:124,56
DA:144,0
DA:145,54
DA:146,2
DA:147,258
DA:148,36
DA:149,0
DA:150,258
DA:162,0
DA:163,5
DA:164,0
DA:165,2
DA:166,2
DA:167,5378
DA:171,5835
DA:172,5835
DA:174,5835
DA:178,9
DA:179,9
DA:181,9
DA:185,609
DA:186,609
DA:188,609
DA:192,387
DA:193,387
DA:195,387
DA:199,18
DA:200,18
DA:202,18
DA:206,6
DA:207,6
DA:209,6
DA:216,0
DA:217,0
DA:218,0
DA:219,0
DA:220,0
DA:221,0
DA:222,0
DA:223,0
DA:224,0
DA:225,0
DA:226,0
DA:227,0
DA:228,0
DA:229,0
DA:230,0
DA:231,0
DA:232,80
DA:233,160
DA:234,160
DA:236,80
DA:237,2724
DA:238,2724
DA:240,3999
DA:241,3999
DA:242,3999
DA:243,1280
DA:244,2719
DA:246,1280
DA:248,4176
DA:249,4176
DA:250,1482
DA:251,2694
DA:252,2694
DA:254,1482
DA:255,1482
DA:258,2936
DA:259,2936
DA:260,2936
DA:261,2936
DA:262,338
DA:263,338
DA:264,338
DA:265,288
DA:266,288
DA:267,726
DA:268,726
DA:269,726
DA:272,0
DA:273,0
DA:274,0
DA:275,0
DA:277,38
DA:278,0
DA:279,38
DA:280,38
DA:281,0
DA:282,0
DA:283,0
DA:284,0
DA:288,204
DA:289,204
DA:291,1
DA:292,1
DA:294,1
DA:295,1
DA:297,1
DA:298,1
DA:300,5
DA:301,5
DA:303,1
DA:304,1
DA:306,1
DA:307,1
DA:309,1
DA:310,1
DA:312,1534
DA:313,1534
DA:315,1
DA:316,1
DA:318,1
DA:319,1
DA:321,3
DA:322,3
DA:324,1
DA:325,1
DA:327,1
DA:328,1
DA:330,1
DA:331,1
DA:333,1
DA:334,1
DA:336,1
DA:337,1
DA:339,1
DA:340,1
DA:342,1
DA:343,1
DA:345,1
DA:346,1
DA:348,5
DA:349,5
DA:351,1
DA:352,1
DA:354,402
DA:355,402
DA:356,402
DA:357,402
DA:358,402
DA:359,0
DA:360,402
DA:361,0
DA:362,0
DA:363,0
DA:366,203
DA:367,203
DA:368,203
DA:369,203
DA:370,203
DA:371,0
DA:372,203
DA:373,0
DA:374,0
DA:375,0
DA:378,2
DA:379,2
DA:380,2
DA:382,2
DA:383,2
DA:384,2
DA:386,1
DA:387,0
DA:389,126
DA:390,2
DA:391,124
DA:394,1
DA:395,0
DA:397,1
DA:398,0
DA:400,1
DA:401,0
DA:403,1
DA:404,0
DA:406,52
DA:409,0
DA:410,1211
DA:411,1211
DA:412,813
DA:413,813
DA:414,402
DA:415,402
DA:416,402
DA:417,411
DA:418,411
DA:421,398
DA:422,398
DA:423,195
DA:424,195
DA:425,195
DA:432,8082
DA:434,8082
DA:439,15526
DA:440,15526
DA:441,15526
DA:442,15526
DA:445,2684
DA:446,2684
DA:448,15526
DA:449,15526
DA:450,15526
DA:451,520
DA:452,520
end_of_record
SF:tb_Proc.v
DA:24,0
DA:26,120
DA:27,36
DA:28,576
DA:29,576
DA:33,316
DA:34,228
DA:35,2428
DA:39,0
DA:40,11795
DA:41,16896
DA:45,0
DA:46,14049
DA:47,14449
DA:51,0
DA:52,3378
DA:53,14508
DA:57,0
DA:58,3498
DA:59,3498
DA:65,0
DA:66,8102
DA:67,0
DA:69,120
DA:70,120
DA:71,120
DA:208,0
DA:211,120
DA:212,120
DA:213,120
DA:214,120
DA:217,120
DA:218,120
DA:219,120
DA:220,120
DA:221,120
DA:223,0
DA:224,120
DA:225,120
DA:226,120
DA:227,120
DA:229,120
DA:230,120
DA:231,120
DA:232,120
DA:233,120
DA:234,120
DA:238,120
DA:239,120
DA:240,120
DA:253,29301
DA:254,120
DA:255,120
DA:256,120
DA:257,120
DA:258,120
DA:259,120
DA:260,120
DA:262,120
DA:263,120
DA:264,120
DA:265,120
DA:266,120
DA:269,0
DA:270,30141
DA:271,30141
DA:273,0
DA:274,0
DA:277,120
DA:278,0
DA:279,120
DA:280,120
DA:281,0
DA:282,0
DA:283,0
DA:289,30141
DA:290,30141
DA:291,30141
DA:293,0
end_of_record
SF:tinyrv2_encoding.v
DA:145,0
DA:146,0
DA:148,0
DA:152,0
DA:153,0
DA:155,0
DA:159,0
DA:160,0
DA:162,0
DA:166,0
DA:167,0
DA:169,0
DA:173,0
DA:174,0
DA:176,0
DA:180,0
DA:181,0
DA:183,0
DA:191,0
DA:192,0
DA:193,0
DA:194,0
DA:195,0
DA:197,0
DA:198,0
DA:199,0
DA:200,0
DA:201,0
DA:203,0
DA:204,0
DA:208,0
DA:209,0
DA:210,0
DA:211,0
DA:213,0
DA:217,0
DA:218,0
DA:220,0
DA:222,0
DA:223,0
DA:225,0
DA:227,0
DA:228,0
DA:230,0
DA:232,0
DA:233,0
DA:234,0
DA:235,0
DA:236,0
DA:237,0
DA:238,0
DA:239,0
DA:240,0
DA:241,0
DA:243,0
DA:245,0
DA:249,0
DA:250,0
DA:251,0
DA:252,0
DA:253,0
DA:255,0
DA:256,0
DA:257,0
DA:258,0
DA:259,0
DA:260,0
DA:261,0
DA:262,0
DA:264,0
DA:265,0
DA:266,0
DA:267,0
DA:268,0
DA:269,0
DA:271,0
DA:272,0
DA:273,0
DA:274,0
DA:275,0
DA:276,0
DA:278,0
DA:279,0
DA:281,0
DA:282,0
DA:284,0
DA:285,0
DA:287,0
DA:288,0
DA:289,0
DA:290,0
DA:291,0
DA:292,0
DA:294,0
DA:295,0
DA:305,0
DA:306,0
DA:308,0
DA:309,0
DA:310,0
DA:311,0
DA:313,0
DA:314,0
DA:315,0
DA:316,0
DA:317,0
DA:318,0
DA:319,0
DA:320,0
DA:322,0
DA:323,0
DA:324,0
DA:325,0
DA:326,0
DA:327,0
DA:329,0
DA:330,0
DA:331,0
DA:332,0
DA:333,0
DA:334,0
DA:336,0
DA:337,0
DA:339,0
DA:340,0
DA:342,0
DA:343,0
DA:345,0
DA:346,0
DA:347,0
DA:348,0
DA:349,0
DA:350,0
DA:352,0
DA:354,0
DA:370,2
DA:374,4
DA:375,54
DA:376,2
DA:377,258
DA:378,36
DA:379,0
DA:380,258
end_of_record
