TN:verilator_coverage
SF:../vc/TestMem_2ports4B.v
DA:26,156
DA:27,0
DA:28,0
DA:29,2
DA:30,0
DA:31,146
DA:40,0
DA:63,2654
DA:64,0
DA:65,0
DA:66,0
DA:67,298
DA:68,0
DA:77,0
DA:105,198509
DA:106,21
DA:109,21
DA:113,16988
DA:114,262
DA:115,0
DA:119,5785
DA:120,0
DA:121,184
DA:125,11749
DA:126,17059
DA:127,1547
DA:131,5374
DA:132,5936
DA:133,707
DA:193,16915
DA:194,11906
DA:195,0
DA:216,5784
DA:217,3158
DA:218,156
DA:243,0
DA:244,0
DA:245,14
DA:246,0
DA:247,0
DA:259,0
DA:260,0
DA:261,0
DA:262,0
DA:263,146
DA:278,2
DA:279,0
DA:281,0
DA:282,0
DA:283,0
DA:284,0
DA:287,21
DA:288,21
DA:294,21
DA:295,1575
DA:296,1575
DA:297,1575
DA:298,1575
DA:299,1575
DA:300,1575
DA:304,1575
DA:305,1575
DA:308,1575
DA:309,6300
DA:317,12
DA:318,12
DA:343,12
DA:344,794
DA:345,794
DA:346,794
DA:347,794
DA:348,794
DA:349,794
DA:350,794
DA:351,794
DA:352,794
DA:370,0
DA:375,0
DA:386,14
DA:389,0
DA:394,0
DA:397,0
DA:400,248
DA:403,0
DA:408,1547
DA:411,1547
DA:414,707
DA:417,707
DA:423,0
DA:427,404
DA:434,0
DA:439,0
DA:453,21
DA:454,0
DA:455,0
DA:456,84
DA:457,315
DA:459,0
DA:460,0
DA:464,0
DA:466,0
DA:467,0
DA:469,98992
DA:471,0
DA:472,0
DA:476,202
DA:479,202
DA:480,808
DA:484,98992
DA:485,0
DA:486,0
DA:487,0
DA:488,0
DA:489,0
DA:493,98992
DA:494,0
DA:495,0
DA:496,0
DA:497,0
DA:498,0
DA:504,99244
DA:513,273
DA:514,273
DA:515,0
DA:516,0
DA:518,273
DA:521,0
DA:522,98971
DA:524,98971
DA:525,0
DA:528,202
DA:529,202
DA:532,98971
DA:533,0
DA:536,98971
DA:537,0
DA:547,1547
DA:559,707
DA:624,99244
DA:625,273
DA:626,0
DA:627,0
DA:628,0
DA:629,0
end_of_record
SF:../vc/TestRandDelay.v
DA:18,397018
DA:19,42
DA:23,0
DA:27,49
DA:28,7580
DA:29,184
DA:33,97
DA:34,95
DA:35,184
DA:44,0
DA:46,198488
DA:47,198488
DA:48,0
DA:50,198488
DA:55,106
DA:56,97
DA:57,0
DA:77,12
DA:88,97
DA:89,97
DA:91,198488
DA:92,546
DA:93,546
DA:95,197942
DA:96,197942
DA:104,0
DA:108,0
DA:110,0
DA:116,99604
DA:117,139
DA:118,139
DA:125,6721
DA:126,126
DA:127,126
DA:138,0
DA:140,0
DA:142,99604
DA:143,99604
DA:144,99604
DA:145,99604
DA:146,99604
DA:147,99604
DA:150,6721
DA:151,6721
DA:152,6721
DA:153,6721
DA:154,6721
DA:155,6721
DA:158,0
DA:159,0
DA:160,0
DA:161,0
DA:162,0
DA:163,0
DA:183,198488
DA:184,546
DA:185,0
DA:186,0
DA:187,0
DA:188,0
DA:189,0
end_of_record
SF:../vc/TestRandDelayMem_2ports4B.v
DA:32,198509
DA:33,21
DA:37,21
DA:41,0
DA:45,13093
DA:46,52433
DA:47,0
DA:51,5413
DA:52,50582
DA:53,184
DA:57,16468
DA:58,16851
DA:59,2518
DA:63,5788
DA:64,5788
DA:65,984
DA:72,16988
DA:73,262
DA:74,0
DA:76,5785
DA:77,0
DA:78,184
DA:81,11749
DA:82,17059
DA:83,1547
DA:85,5374
DA:86,5936
DA:87,707
DA:161,21
DA:162,21
DA:163,21
DA:166,12
DA:167,12
DA:168,12
end_of_record
SF:../vc/TestRandDelaySinkFile.v
DA:17,198509
DA:18,21
DA:22,0
DA:26,16
DA:27,7508
DA:28,6
DA:32,14
DA:39,16
DA:40,23
DA:41,4
DA:75,21
DA:76,21
DA:77,21
end_of_record
SF:../vc/TestRandDelaySourceFile.v
DA:16,198509
DA:17,21
DA:21,0
DA:25,81
DA:26,72
DA:27,5
DA:31,12
DA:38,33
DA:39,72
DA:40,5
DA:54,21
DA:55,21
DA:56,21
end_of_record
SF:../vc/TestSinkFile.v
DA:20,198509
DA:21,21
DA:25,16
DA:26,23
DA:27,4
DA:31,14
DA:52,16
DA:53,0
DA:54,0
DA:55,0
DA:68,21
DA:69,99244
DA:70,99244
DA:71,0
DA:72,21
DA:73,21
DA:76,21
DA:77,15
DA:78,15
DA:79,15
DA:82,15
DA:84,15
DA:85,15
DA:95,0
DA:98,99244
DA:114,16
DA:121,0
DA:122,0
DA:124,5
DA:127,99244
DA:128,273
DA:129,273
DA:131,8
DA:133,8
DA:134,8
DA:135,8
DA:136,8
DA:137,8
DA:139,0
DA:140,0
DA:141,0
DA:142,0
DA:143,0
DA:145,0
DA:146,0
DA:147,0
DA:148,0
DA:149,0
DA:150,0
DA:151,0
DA:152,0
DA:153,0
DA:154,0
DA:155,0
DA:156,0
DA:165,21
DA:166,7
DA:167,7
DA:168,7
DA:169,7
DA:177,99244
DA:178,273
DA:179,0
DA:180,0
end_of_record
SF:../vc/TestSourceFile.v
DA:16,198509
DA:17,21
DA:21,33
DA:22,72
DA:23,5
DA:27,12
DA:49,72
DA:50,0
DA:51,0
DA:52,0
DA:65,21
DA:66,99244
DA:67,99244
DA:69,0
DA:71,21
DA:72,21
DA:74,21
DA:75,21
DA:76,36
DA:77,36
DA:80,36
DA:82,36
DA:83,36
DA:115,37
DA:118,99244
DA:119,294
DA:120,36
DA:133,72
DA:146,99244
DA:147,273
DA:148,0
DA:149,0
end_of_record
SF:../vc/arithmetic.v
DA:16,7
DA:17,2319
DA:18,0
DA:19,977
DA:20,2339
DA:69,7
DA:70,0
DA:136,2
DA:137,2
DA:138,9715
end_of_record
SF:../vc/mem-msgs.v
DA:89,1191054
DA:90,126
DA:91,59785
DA:92,206292
DA:93,0
DA:96,0
DA:98,0
DA:100,4
DA:102,0
DA:104,528
DA:116,0
DA:311,1191054
DA:312,126
DA:313,61635
DA:314,68273
DA:315,0
DA:319,0
DA:321,0
DA:323,0
DA:325,0
DA:327,706
DA:339,0
end_of_record
SF:../vc/muxes.v
DA:16,202
DA:17,10
DA:18,202
DA:21,0
DA:22,0
DA:23,0
DA:24,47
DA:25,8681
DA:26,0
DA:40,2
DA:41,20
DA:42,4
DA:45,0
DA:46,0
DA:47,0
DA:48,56061
DA:49,4683
DA:50,129
DA:51,0
end_of_record
SF:../vc/queues.v
DA:38,397018
DA:39,42
DA:41,22773
DA:42,262
DA:44,22552
DA:45,15064
DA:47,18113
DA:48,18107
DA:49,18107
DA:54,18107
DA:55,18113
DA:57,198488
DA:58,198488
DA:70,22773
DA:73,22961
DA:79,18107
DA:82,3516
DA:85,0
DA:124,198509
DA:125,21
DA:126,16
DA:127,16
DA:128,184
DA:129,156
DA:134,156
DA:185,14
DA:187,14057
DA:188,0
DA:190,10034
DA:191,47595
DA:193,8838
DA:194,4503
DA:195,4498
DA:196,8833
DA:197,8833
DA:202,4503
DA:203,4503
DA:213,4498
DA:214,4503
DA:229,0
DA:230,0
DA:247,14057
DA:250,13932
DA:256,8833
DA:259,0
DA:262,7027
DA:284,4498
DA:289,4498
DA:292,4503
DA:295,4503
DA:337,180568
DA:338,14
DA:339,8838
DA:340,8833
DA:341,4503
DA:342,4498
DA:343,0
DA:344,0
DA:349,0
DA:394,180568
DA:395,14
DA:397,16
DA:398,262
DA:399,184
DA:401,16
DA:402,7508
DA:403,156
DA:405,16
end_of_record
SF:../vc/regfiles.v
DA:20,180568
DA:21,14
DA:25,4498
DA:26,0
DA:30,8838
DA:31,4503
DA:32,0
DA:35,0
DA:43,90277
DA:44,4503
DA:45,4503
DA:150,40589
DA:151,7
DA:155,0
DA:156,2
DA:160,2150
DA:161,812
DA:165,6405
DA:166,406
DA:167,4
DA:179,20291
DA:180,3731
DA:181,3731
DA:300,40589
DA:301,7
DA:303,0
DA:304,2
DA:306,2150
DA:307,812
DA:309,6405
DA:310,406
DA:311,4
DA:317,2
DA:318,812
end_of_record
SF:../vc/regs.v
DA:42,541704
DA:43,42
DA:44,9001
DA:45,9006
DA:48,270831
DA:49,270831
DA:61,198509
DA:62,21
DA:63,225
DA:64,368
DA:65,16
DA:68,99244
DA:69,8
DA:70,8
DA:95,40589
DA:96,7
DA:97,0
DA:98,0
DA:99,88
DA:102,20291
DA:103,590
DA:104,590
end_of_record
SF:../vc/trace.v
DA:20,2977635
DA:21,315
DA:44,0
DA:45,0
DA:49,0
DA:62,0
DA:63,0
DA:64,0
DA:65,0
DA:71,1488660
DA:72,1488660
DA:80,0
DA:85,0
DA:86,0
DA:88,0
DA:89,0
DA:90,0
DA:93,0
DA:95,0
DA:96,0
DA:97,0
DA:99,0
DA:100,0
DA:103,0
DA:113,0
DA:118,0
DA:120,0
DA:121,0
DA:123,0
DA:124,0
DA:125,0
DA:126,0
DA:129,0
DA:139,0
DA:145,0
DA:146,0
DA:147,0
DA:149,0
DA:150,0
DA:151,0
DA:152,0
DA:153,0
DA:155,0
DA:156,0
DA:159,0
DA:169,0
DA:175,0
DA:177,0
DA:178,0
DA:179,0
DA:182,0
DA:183,0
DA:184,0
DA:185,0
DA:186,0
DA:187,0
DA:188,0
DA:199,0
DA:206,0
DA:208,0
DA:209,0
DA:210,0
DA:213,0
DA:214,0
DA:216,0
DA:217,0
DA:219,0
DA:220,0
DA:221,0
DA:223,0
DA:224,0
DA:225,0
DA:227,0
DA:228,0
DA:229,0
end_of_record
SF:DropUnit.v
DA:16,40589
DA:17,7
DA:21,1252
DA:23,2220
DA:24,13417
DA:25,13798
DA:27,2220
DA:28,12645
DA:29,14050
DA:35,578
DA:36,578
DA:37,14039
DA:47,0
DA:48,327
DA:52,867
DA:53,867
DA:55,59039
DA:57,327
DA:61,114
DA:62,867
DA:64,114
DA:71,0
DA:72,327
DA:76,19964
DA:77,19964
DA:79,327
DA:82,327
DA:83,327
DA:90,20291
DA:92,91
DA:93,91
DA:95,20200
end_of_record
SF:ProcAlt.v
DA:21,139979
DA:22,7
DA:26,1
DA:27,7
DA:28,0
DA:32,0
DA:33,0
DA:34,4660
DA:38,0
DA:39,0
DA:40,35308
DA:44,0
DA:45,0
DA:46,0
DA:50,0
DA:51,0
DA:52,35119
DA:56,0
DA:57,0
DA:58,0
DA:64,0
DA:65,0
DA:66,0
DA:73,0
DA:74,0
DA:75,0
DA:76,0
DA:78,0
DA:105,0
DA:106,0
DA:107,0
DA:108,0
DA:116,0
DA:117,0
DA:118,0
DA:119,0
DA:121,0
DA:122,0
DA:123,0
DA:150,0
DA:151,0
DA:152,0
DA:153,0
end_of_record
SF:ProcBase.v
DA:22,40589
DA:23,7
DA:27,2
DA:28,36
DA:29,34
DA:33,4
DA:34,6
DA:35,2034
DA:39,0
DA:40,10034
DA:41,12287
DA:45,0
DA:46,13417
DA:47,13798
DA:51,0
DA:52,4207
DA:53,10847
DA:57,0
DA:58,4582
DA:59,4582
DA:65,0
DA:66,12485
DA:67,0
DA:75,8833
DA:76,0
DA:77,14057
DA:78,0
DA:80,0
DA:107,1252
DA:108,0
DA:109,12645
DA:110,14050
DA:132,2455
DA:133,0
DA:134,4592
DA:135,2455
DA:137,2
DA:164,6
DA:165,4
DA:166,6
DA:167,6
DA:190,14050
DA:191,0
DA:193,2711
DA:194,20
DA:195,0
DA:196,0
DA:198,1353
DA:199,20
DA:201,3731
DA:202,1913
DA:204,0
DA:205,406
DA:206,6405
DA:207,0
DA:211,2211
DA:212,9715
end_of_record
SF:ProcBaseCtrl.v
DA:14,40589
DA:15,7
DA:19,14057
DA:20,0
DA:21,12645
DA:22,14050
DA:23,1252
DA:27,4592
DA:28,2455
DA:29,4582
DA:30,4582
DA:34,36
DA:35,34
DA:36,6
DA:37,6
DA:41,14050
DA:42,0
DA:44,2711
DA:45,20
DA:46,0
DA:47,0
DA:49,1353
DA:50,20
DA:52,3731
DA:53,1913
DA:55,0
DA:56,406
DA:57,6405
DA:58,0
DA:62,2211
DA:63,9715
DA:67,12485
DA:91,7
DA:92,10913
DA:93,11331
DA:94,11326
DA:95,12485
DA:107,12652
DA:108,874
DA:109,767
DA:110,3731
DA:111,0
DA:117,13274
DA:118,2711
DA:119,1353
DA:120,3731
DA:121,0
DA:128,0
DA:129,1252
DA:136,1252
DA:137,316
DA:149,20291
DA:150,91
DA:151,91
DA:152,8985
DA:153,8985
DA:158,1252
DA:159,0
DA:163,0
DA:164,626
DA:165,626
DA:167,19665
DA:193,13267
DA:206,20291
DA:207,91
DA:208,91
DA:209,2748
DA:210,17452
DA:215,406
DA:216,0
DA:217,2150
DA:218,2150
DA:286,6904
DA:287,0
DA:288,6692
DA:289,3271
DA:290,20
DA:291,0
DA:292,3419
DA:293,4823
DA:294,20
DA:295,1258
DA:296,1258
DA:297,20
DA:298,0
DA:300,20291
DA:315,20291
DA:316,20291
DA:317,20291
DA:318,20291
DA:319,20291
DA:320,20291
DA:321,20291
DA:322,20291
DA:323,20291
DA:324,20291
DA:325,20291
DA:326,20291
DA:327,20291
DA:333,0
DA:335,0
DA:339,199
DA:340,3024
DA:341,4057
DA:342,627
DA:343,129
DA:344,632
DA:350,11623
DA:355,406
DA:360,0
DA:361,0
DA:362,0
DA:363,0
DA:364,0
DA:366,632
DA:367,632
DA:368,129
DA:369,129
DA:370,20291
DA:371,0
DA:372,20291
DA:373,0
DA:374,20291
DA:375,0
DA:382,24
DA:387,2
DA:394,158
DA:401,492
DA:408,496
DA:415,822
DA:422,848
DA:429,850
DA:449,11788
DA:460,2210
DA:461,0
DA:462,2979
DA:463,4151
DA:464,406
DA:465,1258
DA:466,0
DA:467,0
DA:471,20291
DA:472,91
DA:473,91
DA:475,901
DA:476,19299
DA:477,19299
DA:478,19299
DA:479,19299
DA:480,19299
DA:481,19299
DA:482,19299
DA:483,19299
DA:484,19299
DA:485,19299
DA:490,0
DA:491,626
DA:492,626
DA:493,626
DA:495,19665
DA:496,19665
DA:497,19665
DA:520,12684
DA:531,2210
DA:532,0
DA:533,2799
DA:534,406
DA:535,1258
DA:536,0
DA:540,20291
DA:541,91
DA:542,91
DA:544,2489
DA:545,17711
DA:546,17711
DA:547,17711
DA:548,17711
DA:549,17711
DA:550,17711
DA:551,17711
DA:552,17711
DA:569,12489
DA:580,2210
DA:581,1258
DA:582,2799
DA:583,0
DA:587,20291
DA:588,91
DA:589,91
DA:591,0
DA:592,20200
DA:593,20200
DA:594,20200
DA:595,20200
DA:596,20200
DA:597,20200
end_of_record
SF:ProcBaseDpath.v
DA:23,40589
DA:24,7
DA:28,0
DA:29,0
DA:33,2
DA:34,778
DA:38,2
DA:39,4
DA:43,1252
DA:45,14050
DA:46,0
DA:48,2711
DA:49,20
DA:50,0
DA:51,0
DA:53,1353
DA:54,20
DA:56,3731
DA:57,1913
DA:59,0
DA:60,406
DA:61,6405
DA:62,0
DA:66,2211
DA:67,9715
DA:71,0
DA:72,0
DA:86,7
DA:87,0
DA:88,0
DA:89,977
DA:90,977
DA:120,7
DA:121,406
DA:122,0
DA:123,2150
DA:124,2319
DA:163,2
DA:164,812
DA:165,4
DA:180,2
DA:182,2
DA:184,0
DA:222,2
DA:223,2
DA:252,2
DA:253,2
DA:274,2
DA:285,778
DA:286,4
DA:302,4
DA:321,0
end_of_record
SF:ProcDpathAlu.v
DA:12,2
DA:13,2
DA:14,20
DA:15,2
DA:16,9715
DA:17,3468
DA:18,3468
DA:21,0
DA:23,0
DA:24,19530
DA:25,632
DA:26,129
DA:32,0
end_of_record
SF:ProcDpathImmGen.v
DA:11,0
DA:12,2211
DA:13,2319
DA:16,0
DA:17,0
DA:18,19664
DA:19,19664
DA:21,627
DA:22,627
DA:28,0
DA:29,0
end_of_record
SF:ProcFLMultiCycle.v
DA:16,17941
DA:17,7
DA:21,2
DA:22,38
DA:23,38
DA:27,2
DA:28,10
DA:29,814
DA:33,0
DA:34,3059
DA:35,4838
DA:39,0
DA:40,3051
DA:41,3053
DA:45,0
DA:46,1206
DA:47,4616
DA:51,0
DA:52,1206
DA:53,1206
DA:59,0
DA:60,0
DA:61,0
DA:69,0
DA:70,0
DA:71,0
DA:72,0
DA:74,7
DA:87,572
DA:88,0
DA:89,1206
DA:90,572
DA:92,0
DA:93,0
DA:94,176
DA:121,10
DA:122,2
DA:123,10
DA:124,10
DA:144,0
DA:145,50
DA:146,0
DA:147,250
DA:148,8
DA:149,0
DA:150,250
DA:162,0
DA:163,7
DA:164,0
DA:165,274
DA:166,274
DA:167,3050
DA:171,2868
DA:172,2868
DA:174,2868
DA:178,0
DA:179,0
DA:181,0
DA:185,606
DA:186,606
DA:188,606
DA:192,369
DA:193,369
DA:195,369
DA:199,6
DA:200,6
DA:202,6
DA:206,0
DA:207,0
DA:209,0
DA:216,0
DA:217,0
DA:218,0
DA:219,0
DA:220,0
DA:221,0
DA:222,0
DA:223,0
DA:224,0
DA:225,0
DA:226,0
DA:227,0
DA:228,0
DA:229,0
DA:230,0
DA:231,0
DA:232,14
DA:233,28
DA:234,28
DA:236,14
DA:237,1532
DA:238,1532
DA:240,2272
DA:241,2272
DA:242,2272
DA:243,744
DA:244,1528
DA:246,744
DA:248,2295
DA:249,2295
DA:250,769
DA:251,1526
DA:252,1526
DA:254,769
DA:255,769
DA:258,1578
DA:259,1578
DA:260,1578
DA:261,1578
DA:262,72
DA:263,72
DA:264,72
DA:265,57
DA:266,57
DA:267,159
DA:268,159
DA:269,159
DA:272,0
DA:273,0
DA:274,0
DA:275,0
DA:277,5
DA:278,0
DA:279,5
DA:280,5
DA:281,0
DA:282,0
DA:283,0
DA:284,0
DA:288,204
DA:289,204
DA:291,0
DA:292,0
DA:294,0
DA:295,0
DA:297,0
DA:298,0
DA:300,4
DA:301,4
DA:303,0
DA:304,0
DA:306,0
DA:307,0
DA:309,0
DA:310,0
DA:312,553
DA:313,553
DA:315,0
DA:316,0
DA:318,0
DA:319,0
DA:321,2
DA:322,2
DA:324,0
DA:325,0
DA:327,0
DA:328,0
DA:330,0
DA:331,0
DA:333,0
DA:334,0
DA:336,0
DA:337,0
DA:339,0
DA:340,0
DA:342,0
DA:343,0
DA:345,0
DA:346,0
DA:348,2
DA:349,2
DA:351,0
DA:352,0
DA:354,401
DA:355,401
DA:356,401
DA:357,401
DA:358,401
DA:359,0
DA:360,401
DA:361,0
DA:362,0
DA:363,0
DA:366,202
DA:367,202
DA:368,202
DA:369,202
DA:370,202
DA:371,0
DA:372,202
DA:373,0
DA:374,0
DA:375,0
DA:378,0
DA:379,0
DA:380,0
DA:382,0
DA:383,0
DA:384,0
DA:386,0
DA:387,0
DA:389,125
DA:390,2
DA:391,123
DA:394,0
DA:395,0
DA:397,0
DA:398,0
DA:400,0
DA:401,0
DA:403,0
DA:404,0
DA:406,8
DA:409,0
DA:410,1206
DA:411,1206
DA:412,811
DA:413,811
DA:414,401
DA:415,401
DA:416,401
DA:417,410
DA:418,410
DA:421,395
DA:422,395
DA:423,193
DA:424,193
DA:425,193
DA:432,4575
DA:434,4575
DA:439,8967
DA:440,8967
DA:441,8967
DA:442,8967
DA:445,1525
DA:446,1525
DA:448,8967
DA:449,8967
DA:450,8967
DA:451,91
DA:452,91
end_of_record
SF:tb_Proc.v
DA:24,0
DA:26,21
DA:27,5
DA:28,81
DA:29,72
DA:33,6
DA:34,16
DA:35,7508
DA:39,0
DA:40,13093
DA:41,52433
DA:45,0
DA:46,16468
DA:47,16851
DA:51,0
DA:52,5413
DA:53,50582
DA:57,0
DA:58,5788
DA:59,5788
DA:65,0
DA:66,12485
DA:67,0
DA:69,12
DA:70,14
DA:71,21
DA:208,0
DA:211,21
DA:212,21
DA:213,21
DA:214,21
DA:217,21
DA:218,21
DA:219,21
DA:220,21
DA:221,21
DA:223,0
DA:224,21
DA:225,21
DA:226,21
DA:227,21
DA:229,21
DA:230,21
DA:231,21
DA:232,21
DA:233,21
DA:234,21
DA:238,12
DA:239,12
DA:240,12
DA:253,99181
DA:254,12
DA:255,12
DA:256,12
DA:257,12
DA:258,12
DA:259,12
DA:260,12
DA:262,12
DA:263,12
DA:264,12
DA:265,12
DA:266,12
DA:269,9
DA:270,9
DA:271,99265
DA:273,9
DA:274,9
DA:277,21
DA:278,9
DA:279,12
DA:280,12
DA:281,9
DA:282,9
DA:283,9
DA:289,99265
DA:290,99265
DA:291,99265
DA:293,0
end_of_record
SF:tinyrv2_encoding.v
DA:145,0
DA:146,0
DA:148,0
DA:152,0
DA:153,0
DA:155,0
DA:159,0
DA:160,0
DA:162,0
DA:166,0
DA:167,0
DA:169,0
DA:173,0
DA:174,0
DA:176,0
DA:180,0
DA:181,0
DA:183,0
DA:191,0
DA:192,0
DA:193,0
DA:194,0
DA:195,0
DA:197,0
DA:198,0
DA:199,0
DA:200,0
DA:201,0
DA:203,0
DA:204,0
DA:208,0
DA:209,0
DA:210,0
DA:211,0
DA:213,0
DA:217,0
DA:218,0
DA:220,0
DA:222,0
DA:223,0
DA:225,0
DA:227,0
DA:228,0
DA:230,0
DA:232,0
DA:233,0
DA:234,0
DA:235,0
DA:236,0
DA:237,0
DA:238,0
DA:239,0
DA:240,0
DA:241,0
DA:243,0
DA:245,0
DA:249,0
DA:250,0
DA:251,0
DA:252,0
DA:253,0
DA:255,0
DA:256,0
DA:257,0
DA:258,0
DA:259,0
DA:260,0
DA:261,0
DA:262,0
DA:264,0
DA:265,0
DA:266,0
DA:267,0
DA:268,0
DA:269,0
DA:271,0
DA:272,0
DA:273,0
DA:274,0
DA:275,0
DA:276,0
DA:278,0
DA:279,0
DA:281,0
DA:282,0
DA:284,0
DA:285,0
DA:287,0
DA:288,0
DA:289,0
DA:290,0
DA:291,0
DA:292,0
DA:294,0
DA:295,0
DA:305,0
DA:306,0
DA:308,0
DA:309,0
DA:310,0
DA:311,0
DA:313,0
DA:314,0
DA:315,0
DA:316,0
DA:317,0
DA:318,0
DA:319,0
DA:320,0
DA:322,0
DA:323,0
DA:324,0
DA:325,0
DA:326,0
DA:327,0
DA:329,0
DA:330,0
DA:331,0
DA:332,0
DA:333,0
DA:334,0
DA:336,0
DA:337,0
DA:339,0
DA:340,0
DA:342,0
DA:343,0
DA:345,0
DA:346,0
DA:347,0
DA:348,0
DA:349,0
DA:350,0
DA:352,0
DA:354,0
DA:370,274
DA:374,274
DA:375,50
DA:376,0
DA:377,250
DA:378,8
DA:379,0
DA:380,250
end_of_record
